app/build/intermediates/manifest_merge_blame_file/debug/manifest-merger-blame-debug-report.txt
1<?xml version="1.0" encoding="utf-8"?>
2<manifest xmlns:android="http://schemas.android.com/apk/res/android"
3    package="uni.liuming.demo"
4    android:versionCode="1"
5    android:versionName="1.0" >
6
7    <uses-sdk
8        android:minSdkVersion="24"
8-->src/main/AndroidManifest.xml
9        android:targetSdkVersion="28" />
9-->src/main/AndroidManifest.xml
10
11    <supports-screens
11-->src/main/AndroidManifest.xml:6:5-11:39
12        android:anyDensity="true"
12-->src/main/AndroidManifest.xml:7:9-34
13        android:largeScreens="true"
13-->src/main/AndroidManifest.xml:8:9-36
14        android:normalScreens="true"
14-->src/main/AndroidManifest.xml:9:9-37
15        android:resizeable="true"
15-->src/main/AndroidManifest.xml:10:9-34
16        android:smallScreens="true" />
16-->src/main/AndroidManifest.xml:11:9-36
17
18    <!-- Barcode(二维码)  begin -->
19    <uses-permission android:name="android.permission.CAMERA" />
19-->src/main/AndroidManifest.xml:14:5-65
19-->src/main/AndroidManifest.xml:14:22-62
20    <uses-permission android:name="android.permission.WRITE_EXTERNAL_STORAGE" />
20-->src/main/AndroidManifest.xml:15:5-81
20-->src/main/AndroidManifest.xml:15:22-78
21
22    <uses-feature android:name="android.hardware.camera" />
22-->src/main/AndroidManifest.xml:17:5-60
22-->src/main/AndroidManifest.xml:17:19-57
23    <uses-feature android:name="android.hardware.camera.autofocus" />
23-->src/main/AndroidManifest.xml:18:5-70
23-->src/main/AndroidManifest.xml:18:19-67
24
25    <uses-permission android:name="android.permission.VIBRATE" />
25-->src/main/AndroidManifest.xml:20:5-66
25-->src/main/AndroidManifest.xml:20:22-63
26    <uses-permission android:name="android.permission.FLASHLIGHT" />
26-->src/main/AndroidManifest.xml:21:5-69
26-->src/main/AndroidManifest.xml:21:22-66
27
28    <!-- 适配android 13 图片选择权限 -->
29    <uses-permission android:name="android.permission.READ_MEDIA_IMAGES" />
29-->[lib.5plus.base-release.aar] AndroidManifest.xml:17:5-76
29-->[lib.5plus.base-release.aar] AndroidManifest.xml:17:22-73
30    <uses-permission android:name="android.permission.READ_MEDIA_VIDEO" />
30-->[lib.5plus.base-release.aar] AndroidManifest.xml:18:5-75
30-->[lib.5plus.base-release.aar] AndroidManifest.xml:18:22-72
31    <uses-permission android:name="android.permission.READ_MEDIA_VISUAL_USER_SELECTED" />
31-->[lib.5plus.base-release.aar] AndroidManifest.xml:19:5-90
31-->[lib.5plus.base-release.aar] AndroidManifest.xml:19:22-87
32    <uses-permission android:name="android.permission.INTERNET" />
32-->[lib.5plus.base-release.aar] AndroidManifest.xml:20:5-67
32-->[lib.5plus.base-release.aar] AndroidManifest.xml:20:22-64
33    <uses-permission android:name="android.permission.ACCESS_NETWORK_STATE" />
33-->[lib.5plus.base-release.aar] AndroidManifest.xml:21:5-79
33-->[lib.5plus.base-release.aar] AndroidManifest.xml:21:22-76
34    <!--
35    <uses-permission
36        android:name="com.android.launcher.permission.UNINSTALL_SHORTCUT" />
37    -->
38    <!-- 华为修改角标需要设置权限 -->
39    <uses-permission android:name="com.huawei.android.launcher.permission.CHANGE_BADGE" /> <!-- vivo 修改角标需要设置权限 -->
39-->[lib.5plus.base-release.aar] AndroidManifest.xml:27:5-91
39-->[lib.5plus.base-release.aar] AndroidManifest.xml:27:22-88
40    <uses-permission android:name="com.vivo.notification.permission.BADGE_ICON" />
40-->[lib.5plus.base-release.aar] AndroidManifest.xml:29:5-83
40-->[lib.5plus.base-release.aar] AndroidManifest.xml:29:22-80
41
42    <queries>
42-->[lib.5plus.base-release.aar] AndroidManifest.xml:31:5-40:15
43        <intent>
43-->[lib.5plus.base-release.aar] AndroidManifest.xml:32:9-34:18
44            <action android:name="android.intent.action.MAIN" />
44-->src/main/AndroidManifest.xml:52:17-68
44-->src/main/AndroidManifest.xml:52:25-66
45        </intent>
46        <intent>
46-->[lib.5plus.base-release.aar] AndroidManifest.xml:35:9-39:18
47            <action android:name="android.intent.action.VIEW" />
47-->src/main/AndroidManifest.xml:41:17-68
47-->src/main/AndroidManifest.xml:41:25-66
48
49            <category android:name="android.intent.category.DEFAULT" />
49-->src/main/AndroidManifest.xml:43:17-75
49-->src/main/AndroidManifest.xml:43:27-73
50        </intent>
51    </queries>
52
53    <uses-permission android:name="android.permission.READ_EXTERNAL_STORAGE" />
54    <uses-permission android:name="com.asus.msa.SupplementaryDID.ACCESS" />
54-->[oaid_sdk_1.0.25.aar] AndroidManifest.xml:13:5-76
54-->[oaid_sdk_1.0.25.aar] AndroidManifest.xml:13:22-73
55    <uses-permission android:name="freemme.permission.msa" />
55-->[oaid_sdk_1.0.25.aar] AndroidManifest.xml:15:5-62
55-->[oaid_sdk_1.0.25.aar] AndroidManifest.xml:15:22-59
56
57    <permission
57-->[androidx.core:core:1.10.1] AndroidManifest.xml:22:5-24:47
58        android:name="uni.liuming.demo.DYNAMIC_RECEIVER_NOT_EXPORTED_PERMISSION"
58-->[androidx.core:core:1.10.1] AndroidManifest.xml:23:9-81
59        android:protectionLevel="signature" />
59-->[androidx.core:core:1.10.1] AndroidManifest.xml:24:9-44
60
61    <uses-permission android:name="uni.liuming.demo.DYNAMIC_RECEIVER_NOT_EXPORTED_PERMISSION" /> <!-- Barcode(二维码)  end -->
61-->[androidx.core:core:1.10.1] AndroidManifest.xml:26:5-97
61-->[androidx.core:core:1.10.1] AndroidManifest.xml:26:22-94
62    <application
62-->src/main/AndroidManifest.xml:24:5-87:19
63        android:name="io.dcloud.application.DCloudApplication"
63-->src/main/AndroidManifest.xml:25:9-63
64        android:allowClearUserData="true"
64-->src/main/AndroidManifest.xml:26:9-42
65        android:appComponentFactory="androidx.core.app.CoreComponentFactory"
65-->[androidx.core:core:1.10.1] AndroidManifest.xml:28:18-86
66        android:debuggable="true"
67        android:extractNativeLibs="true"
67-->[uniapp-v8-release.aar] AndroidManifest.xml:29:18-50
68        android:icon="@drawable/icon"
68-->src/main/AndroidManifest.xml:27:9-38
69        android:label="@string/app_name"
69-->src/main/AndroidManifest.xml:28:9-41
70        android:largeHeap="true"
70-->src/main/AndroidManifest.xml:29:9-33
71        android:supportsRtl="true"
71-->src/main/AndroidManifest.xml:30:9-35
72        android:testOnly="true"
73        android:usesCleartextTraffic="true" >
73-->[lib.5plus.base-release.aar] AndroidManifest.xml:175:9-44
74
75        <!-- 应用入口 -->
76        <activity
76-->src/main/AndroidManifest.xml:33:9-55:20
77            android:name="io.dcloud.PandoraEntry"
77-->src/main/AndroidManifest.xml:34:13-50
78            android:configChanges="orientation|keyboardHidden|screenSize|mcc|mnc|fontScale"
78-->src/main/AndroidManifest.xml:36:13-92
79            android:hardwareAccelerated="true"
79-->src/main/AndroidManifest.xml:37:13-47
80            android:theme="@style/TranslucentTheme"
80-->src/main/AndroidManifest.xml:35:13-52
81            android:windowSoftInputMode="adjustResize" >
81-->src/main/AndroidManifest.xml:38:13-55
82            <intent-filter>
82-->src/main/AndroidManifest.xml:39:13-45:29
83                <data android:scheme="hbuilder" />
83-->src/main/AndroidManifest.xml:40:17-50
83-->src/main/AndroidManifest.xml:40:23-48
84
85                <action android:name="android.intent.action.VIEW" />
85-->src/main/AndroidManifest.xml:41:17-68
85-->src/main/AndroidManifest.xml:41:25-66
86
87                <category android:name="android.intent.category.DEFAULT" />
87-->src/main/AndroidManifest.xml:43:17-75
87-->src/main/AndroidManifest.xml:43:27-73
88                <category android:name="android.intent.category.BROWSABLE" />
88-->src/main/AndroidManifest.xml:44:17-77
88-->src/main/AndroidManifest.xml:44:27-75
89            </intent-filter>
90            <intent-filter>
90-->src/main/AndroidManifest.xml:46:13-50:29
91                <data android:mimeType="image/*" />
91-->src/main/AndroidManifest.xml:40:17-50
91-->src/main/AndroidManifest.xml:47:23-49
92
93                <action android:name="android.intent.action.SEND" />
93-->src/main/AndroidManifest.xml:48:17-68
93-->src/main/AndroidManifest.xml:48:25-66
94
95                <category android:name="android.intent.category.DEFAULT" />
95-->src/main/AndroidManifest.xml:43:17-75
95-->src/main/AndroidManifest.xml:43:27-73
96            </intent-filter>
97            <intent-filter>
97-->src/main/AndroidManifest.xml:51:13-54:29
98                <action android:name="android.intent.action.MAIN" />
98-->src/main/AndroidManifest.xml:52:17-68
98-->src/main/AndroidManifest.xml:52:25-66
99
100                <category android:name="android.intent.category.LAUNCHER" />
100-->src/main/AndroidManifest.xml:53:17-76
100-->src/main/AndroidManifest.xml:53:27-74
101            </intent-filter>
102        </activity>
103
104        <meta-data
104-->src/main/AndroidManifest.xml:56:9-57:35
105            android:name="dcloud_uninview_background"
105-->src/main/AndroidManifest.xml:56:20-61
106            android:value="true" />
106-->src/main/AndroidManifest.xml:57:13-33
107
108        <activity
108-->src/main/AndroidManifest.xml:59:9-83:20
109            android:name="io.dcloud.PandoraEntryActivity"
109-->src/main/AndroidManifest.xml:60:13-58
110            android:configChanges="orientation|keyboardHidden|screenSize|mcc|mnc|fontScale|keyboard|smallestScreenSize|screenLayout|screenSize|uiMode"
110-->src/main/AndroidManifest.xml:62:13-151
111            android:hardwareAccelerated="true"
111-->src/main/AndroidManifest.xml:63:13-47
112            android:launchMode="singleTask"
112-->src/main/AndroidManifest.xml:61:13-44
113            android:permission="com.miui.securitycenter.permission.AppPermissionsEditor"
113-->src/main/AndroidManifest.xml:64:13-89
114            android:screenOrientation="user"
114-->src/main/AndroidManifest.xml:65:13-45
115            android:theme="@style/DCloudTheme"
115-->src/main/AndroidManifest.xml:66:13-47
116            android:windowSoftInputMode="adjustResize" >
116-->src/main/AndroidManifest.xml:67:13-55
117            <intent-filter>
117-->src/main/AndroidManifest.xml:69:13-82:29
118                <category android:name="android.intent.category.DEFAULT" />
118-->src/main/AndroidManifest.xml:43:17-75
118-->src/main/AndroidManifest.xml:43:27-73
119                <category android:name="android.intent.category.BROWSABLE" />
119-->src/main/AndroidManifest.xml:44:17-77
119-->src/main/AndroidManifest.xml:44:27-75
120
121                <action android:name="android.intent.action.VIEW" />
121-->src/main/AndroidManifest.xml:41:17-68
121-->src/main/AndroidManifest.xml:41:25-66
122
123                <data android:scheme=" " />
123-->src/main/AndroidManifest.xml:40:17-50
123-->src/main/AndroidManifest.xml:40:23-48
124            </intent-filter>
125        </activity>
126
127        <meta-data
127-->src/main/AndroidManifest.xml:84:9-86:64
128            android:name="dcloud_appkey"
128-->src/main/AndroidManifest.xml:85:13-41
129            android:value="37309e6097ecd93e0a5a163e942cbc12" />
129-->src/main/AndroidManifest.xml:86:13-61
130        <!--
131        <activity
132            android:name="io.dcloud.imagepick.CustomGalleryActivity"
133            android:noHistory="true"
134            android:exported="false"/>
135        -->
136        <activity
136-->[lib.5plus.base-release.aar] AndroidManifest.xml:184:9-190:58
137            android:name="io.dcloud.feature.nativeObj.photoview.PhotoActivity"
137-->[lib.5plus.base-release.aar] AndroidManifest.xml:185:13-79
138            android:configChanges="orientation|keyboardHidden"
138-->[lib.5plus.base-release.aar] AndroidManifest.xml:186:13-63
139            android:exported="false"
139-->[lib.5plus.base-release.aar] AndroidManifest.xml:187:13-37
140            android:noHistory="false"
140-->[lib.5plus.base-release.aar] AndroidManifest.xml:188:13-38
141            android:screenOrientation="behind"
141-->[lib.5plus.base-release.aar] AndroidManifest.xml:189:13-47
142            android:theme="@style/DeviceDefault.Light" />
142-->[lib.5plus.base-release.aar] AndroidManifest.xml:190:13-55
143        <activity
143-->[lib.5plus.base-release.aar] AndroidManifest.xml:191:9-200:58
144            android:name="io.dcloud.WebAppActivity"
144-->[lib.5plus.base-release.aar] AndroidManifest.xml:192:13-52
145            android:configChanges="orientation|keyboard|keyboardHidden|smallestScreenSize|screenLayout|screenSize|mcc|mnc|fontScale|navigation"
145-->[lib.5plus.base-release.aar] AndroidManifest.xml:193:13-144
146            android:hardwareAccelerated="true"
146-->[lib.5plus.base-release.aar] AndroidManifest.xml:194:13-47
147            android:icon="@drawable/dcloud_recent"
147-->[lib.5plus.base-release.aar] AndroidManifest.xml:195:13-51
148            android:label="@string/stream_my"
148-->[lib.5plus.base-release.aar] AndroidManifest.xml:196:13-46
149            android:launchMode="singleTask"
149-->[lib.5plus.base-release.aar] AndroidManifest.xml:197:13-44
150            android:screenOrientation="portrait"
150-->[lib.5plus.base-release.aar] AndroidManifest.xml:198:13-49
151            android:theme="@style/DCloudTheme"
151-->[lib.5plus.base-release.aar] AndroidManifest.xml:199:13-47
152            android:windowSoftInputMode="adjustResize" />
152-->[lib.5plus.base-release.aar] AndroidManifest.xml:200:13-55
153        <activity
153-->[lib.5plus.base-release.aar] AndroidManifest.xml:201:9-205:75
154            android:name="io.dcloud.ProcessMediator"
154-->[lib.5plus.base-release.aar] AndroidManifest.xml:202:13-53
155            android:excludeFromRecents="true"
155-->[lib.5plus.base-release.aar] AndroidManifest.xml:203:13-46
156            android:exported="false"
156-->[lib.5plus.base-release.aar] AndroidManifest.xml:204:13-37
157            android:theme="@android:style/Theme.Translucent.NoTitleBar" />
157-->[lib.5plus.base-release.aar] AndroidManifest.xml:205:13-72
158        <activity
158-->[lib.5plus.base-release.aar] AndroidManifest.xml:206:9-212:20
159            android:name="io.dcloud.WebviewActivity"
159-->[lib.5plus.base-release.aar] AndroidManifest.xml:207:13-53
160            android:exported="false"
160-->[lib.5plus.base-release.aar] AndroidManifest.xml:208:13-37
161            android:screenOrientation="portrait"
161-->[lib.5plus.base-release.aar] AndroidManifest.xml:209:13-49
162            android:theme="@style/ThemeNoTitleBar"
162-->[lib.5plus.base-release.aar] AndroidManifest.xml:210:13-51
163            android:windowSoftInputMode="adjustPan" >
163-->[lib.5plus.base-release.aar] AndroidManifest.xml:211:13-52
164        </activity> <!-- gallery******start -->
165        <activity
165-->[lib.5plus.base-release.aar] AndroidManifest.xml:215:9-220:63
166            android:name="com.dmcbig.mediapicker.PickerActivity"
166-->[lib.5plus.base-release.aar] AndroidManifest.xml:216:13-65
167            android:configChanges="orientation|screenSize"
167-->[lib.5plus.base-release.aar] AndroidManifest.xml:217:13-59
168            android:exported="false"
168-->[lib.5plus.base-release.aar] AndroidManifest.xml:218:13-37
169            android:theme="@style/DeviceDefault.Light"
169-->[lib.5plus.base-release.aar] AndroidManifest.xml:219:13-55
170            android:windowSoftInputMode="stateAlwaysHidden" />
170-->[lib.5plus.base-release.aar] AndroidManifest.xml:220:13-60
171        <activity
171-->[lib.5plus.base-release.aar] AndroidManifest.xml:221:9-226:63
172            android:name="com.dmcbig.mediapicker.PreviewActivity"
172-->[lib.5plus.base-release.aar] AndroidManifest.xml:222:13-66
173            android:configChanges="orientation|screenSize"
173-->[lib.5plus.base-release.aar] AndroidManifest.xml:223:13-59
174            android:exported="false"
174-->[lib.5plus.base-release.aar] AndroidManifest.xml:224:13-37
175            android:theme="@style/DeviceDefault.Light"
175-->[lib.5plus.base-release.aar] AndroidManifest.xml:225:13-55
176            android:windowSoftInputMode="stateAlwaysHidden" /> <!-- gallery******end -->
176-->[lib.5plus.base-release.aar] AndroidManifest.xml:226:13-60
177        <provider
177-->[lib.5plus.base-release.aar] AndroidManifest.xml:229:9-237:20
178            android:name="io.dcloud.common.util.DCloud_FileProvider"
178-->[lib.5plus.base-release.aar] AndroidManifest.xml:230:13-69
179            android:authorities="uni.liuming.demo.dc.fileprovider"
179-->[lib.5plus.base-release.aar] AndroidManifest.xml:231:13-67
180            android:exported="false"
180-->[lib.5plus.base-release.aar] AndroidManifest.xml:232:13-37
181            android:grantUriPermissions="true" >
181-->[lib.5plus.base-release.aar] AndroidManifest.xml:233:13-47
182            <meta-data
182-->[lib.5plus.base-release.aar] AndroidManifest.xml:234:13-236:64
183                android:name="android.support.FILE_PROVIDER_PATHS"
183-->[lib.5plus.base-release.aar] AndroidManifest.xml:235:17-67
184                android:resource="@xml/dcloud_file_provider" />
184-->[lib.5plus.base-release.aar] AndroidManifest.xml:236:17-61
185        </provider>
186        <!--
187            <meta-data
188            android:name="DCLOUD_STREAMAPP_CHANNEL"
189            android:value="io.dcloud.%APPID%|%APPID%|" />
190        -->
191        <meta-data
191-->[lib.5plus.base-release.aar] AndroidManifest.xml:244:9-246:35
192            android:name="android.max_aspect"
192-->[lib.5plus.base-release.aar] AndroidManifest.xml:245:13-46
193            android:value="2.4" />
193-->[lib.5plus.base-release.aar] AndroidManifest.xml:246:13-32
194
195        <activity
195-->[lib.5plus.base-release.aar] AndroidManifest.xml:248:9-253:63
196            android:name="io.dcloud.feature.gallery.imageedit.IMGEditActivity"
196-->[lib.5plus.base-release.aar] AndroidManifest.xml:249:13-79
197            android:configChanges="orientation|keyboardHidden|screenSize"
197-->[lib.5plus.base-release.aar] AndroidManifest.xml:250:13-74
198            android:exported="false"
198-->[lib.5plus.base-release.aar] AndroidManifest.xml:251:13-37
199            android:theme="@style/ImageEditTheme"
199-->[lib.5plus.base-release.aar] AndroidManifest.xml:252:13-50
200            android:windowSoftInputMode="stateAlwaysHidden" /> <!-- 广告相关配置开始 -->
200-->[lib.5plus.base-release.aar] AndroidManifest.xml:253:13-60
201        <activity
201-->[lib.5plus.base-release.aar] AndroidManifest.xml:256:9-261:55
202            android:name="io.dcloud.sdk.activity.WebViewActivity"
202-->[lib.5plus.base-release.aar] AndroidManifest.xml:257:13-66
203            android:exported="false"
203-->[lib.5plus.base-release.aar] AndroidManifest.xml:258:13-37
204            android:screenOrientation="portrait"
204-->[lib.5plus.base-release.aar] AndroidManifest.xml:259:13-49
205            android:theme="@style/ThemeNoTitleBar"
205-->[lib.5plus.base-release.aar] AndroidManifest.xml:260:13-51
206            android:windowSoftInputMode="adjustPan" />
206-->[lib.5plus.base-release.aar] AndroidManifest.xml:261:13-52
207
208        <service
208-->[lib.5plus.base-release.aar] AndroidManifest.xml:263:9-266:72
209            android:name="io.dcloud.sdk.base.service.DownloadService"
209-->[lib.5plus.base-release.aar] AndroidManifest.xml:264:13-70
210            android:exported="false"
210-->[lib.5plus.base-release.aar] AndroidManifest.xml:265:13-37
211            android:permission="android.permission.BIND_JOB_SERVICE" />
211-->[lib.5plus.base-release.aar] AndroidManifest.xml:266:13-69
212
213        <provider
213-->[lib.5plus.base-release.aar] AndroidManifest.xml:268:9-276:20
214            android:name="io.dcloud.sdk.base.service.provider.DCloudAdFileProvider"
214-->[lib.5plus.base-release.aar] AndroidManifest.xml:269:13-84
215            android:authorities="uni.liuming.demo.dc.fileprovider"
215-->[lib.5plus.base-release.aar] AndroidManifest.xml:270:13-67
216            android:exported="false"
216-->[lib.5plus.base-release.aar] AndroidManifest.xml:271:13-37
217            android:grantUriPermissions="true" >
217-->[lib.5plus.base-release.aar] AndroidManifest.xml:272:13-47
218            <meta-data
218-->[lib.5plus.base-release.aar] AndroidManifest.xml:234:13-236:64
219                android:name="android.support.FILE_PROVIDER_PATHS"
219-->[lib.5plus.base-release.aar] AndroidManifest.xml:235:17-67
220                android:resource="@xml/dcloud_gg_file_provider" />
220-->[lib.5plus.base-release.aar] AndroidManifest.xml:236:17-61
221        </provider>
222
223        <receiver
223-->[uniapp-v8-release.aar] AndroidManifest.xml:30:9-34:20
224            android:name="com.taobao.weex.WXGlobalEventReceiver"
224-->[uniapp-v8-release.aar] AndroidManifest.xml:31:13-65
225            android:enabled="true"
225-->[uniapp-v8-release.aar] AndroidManifest.xml:32:13-35
226            android:exported="false" >
226-->[uniapp-v8-release.aar] AndroidManifest.xml:33:13-37
227        </receiver>
228
229        <activity
229-->[:uniplugin_module] AndroidManifest.xml:8:9-10:84
230            android:name="io.dcloud.uniplugin.NativePageActivity"
230-->[:uniplugin_module] AndroidManifest.xml:9:13-66
231            android:theme="@android:style/Theme.DeviceDefault.Light.NoActionBar" />
231-->[:uniplugin_module] AndroidManifest.xml:10:13-81
232    </application>
233
234</manifest>